
> frontend@1.0.0 build-storybook
> storybook build --output-dir=/tmp/chromatic--163516-exWxcmscnIHI

[1m@storybook/core v8.6.14
[22m
info => Cleaning outputDir: [36m../../../../../tmp/chromatic--163516-exWxcmscnIHI[39m
info => Loading presets
info => Building manager..
info => Manager built ([38;2;181;126;229m24 s[39m)
info => Building preview..
[36mvite v6.3.5 [32mbuilding for production...[36m[39m
transforming...
[32m✓[39m 129 modules transformed.
rendering chunks...
computing gzip size...
[2m../../../../../tmp/chromatic--163516-exWxcmscnIHI/[22m[2massets/[22m[32mcontext-C0qIqeS4.png               [39m[1m[2m  6.12 kB[22m[1m[22m
[2m../../../../../tmp/chromatic--163516-exWxcmscnIHI/[22m[2massets/[22m[32mstyling-Bk6zjRzU.png               [39m[1m[2m  7.24 kB[22m[1m[22m
[2m../../../../../tmp/chromatic--163516-exWxcmscnIHI/[22m[32miframe.html                               [39m[1m[2m 17.77 kB[22m[1m[22m[2m │ gzip:   5.00 kB[22m
[2m../../../../../tmp/chromatic--163516-exWxcmscnIHI/[22m[2massets/[22m[32mdocs---vsFbMi.png                  [39m[1m[2m 27.88 kB[22m[1m[22m
[2m../../../../../tmp/chromatic--163516-exWxcmscnIHI/[22m[2massets/[22m[32mshare-DGA-UcQf.png                 [39m[1m[2m 40.77 kB[22m[1m[22m
[2m../../../../../tmp/chromatic--163516-exWxcmscnIHI/[22m[2massets/[22m[32maccessibility-W_h2acOZ.png         [39m[1m[2m 42.34 kB[22m[1m[22m
[2m../../../../../tmp/chromatic--163516-exWxcmscnIHI/[22m[2massets/[22m[32mfigma-plugin-CH2hELiO.png          [39m[1m[2m 44.25 kB[22m[1m[22m
[2m../../../../../tmp/chromatic--163516-exWxcmscnIHI/[22m[2massets/[22m[32mtheming-D6WJLNoW.png               [39m[1m[2m 44.37 kB[22m[1m[22m
[2m../../../../../tmp/chromatic--163516-exWxcmscnIHI/[22m[2massets/[22m[32mtesting-cbzR9l9r.png               [39m[1m[2m 49.31 kB[22m[1m[22m
[2m../../../../../tmp/chromatic--163516-exWxcmscnIHI/[22m[2massets/[22m[32maddon-library-BWUCAmyN.png         [39m[1m[2m467.37 kB[22m[1m[22m
[2m../../../../../tmp/chromatic--163516-exWxcmscnIHI/[22m[2massets/[22m[35mHeader-Ck-SSN7O.css                [39m[1m[2m  0.51 kB[22m[1m[22m[2m │ gzip:   0.30 kB[22m
[2m../../../../../tmp/chromatic--163516-exWxcmscnIHI/[22m[2massets/[22m[35mButton-CktR3BqL.css                [39m[1m[2m  0.52 kB[22m[1m[22m[2m │ gzip:   0.29 kB[22m
[2m../../../../../tmp/chromatic--163516-exWxcmscnIHI/[22m[2massets/[22m[35mPage-CeeQJVdd.css                  [39m[1m[2m  0.91 kB[22m[1m[22m[2m │ gzip:   0.39 kB[22m
[2m../../../../../tmp/chromatic--163516-exWxcmscnIHI/[22m[2massets/[22m[36mpreview-CIRcjyVj.js                [39m[1m[2m  0.11 kB[22m[1m[22m[2m │ gzip:   0.11 kB[22m
[2m../../../../../tmp/chromatic--163516-exWxcmscnIHI/[22m[2massets/[22m[36mpreview-GXycYT0u.js                [39m[1m[2m  0.17 kB[22m[1m[22m[2m │ gzip:   0.16 kB[22m
[2m../../../../../tmp/chromatic--163516-exWxcmscnIHI/[22m[2massets/[22m[36mpreview-CvbIS5ZJ.js                [39m[1m[2m  0.18 kB[22m[1m[22m[2m │ gzip:   0.16 kB[22m
[2m../../../../../tmp/chromatic--163516-exWxcmscnIHI/[22m[2massets/[22m[36mindex-D9_YKS8T.js                  [39m[1m[2m  0.51 kB[22m[1m[22m[2m │ gzip:   0.31 kB[22m
[2m../../../../../tmp/chromatic--163516-exWxcmscnIHI/[22m[2massets/[22m[36mpreview-DGUiP6tS.js                [39m[1m[2m  0.71 kB[22m[1m[22m[2m │ gzip:   0.50 kB[22m
[2m../../../../../tmp/chromatic--163516-exWxcmscnIHI/[22m[2massets/[22m[36mindex-DrFu-skq.js                  [39m[1m[2m  0.77 kB[22m[1m[22m[2m │ gzip:   0.47 kB[22m
[2m../../../../../tmp/chromatic--163516-exWxcmscnIHI/[22m[2massets/[22m[36mpreview-BTpH86bh.js                [39m[1m[2m  0.80 kB[22m[1m[22m[2m │ gzip:   0.51 kB[22m
[2m../../../../../tmp/chromatic--163516-exWxcmscnIHI/[22m[2massets/[22m[36mButton-CeFlV7Zr.js                 [39m[1m[2m  0.89 kB[22m[1m[22m[2m │ gzip:   0.52 kB[22m
[2m../../../../../tmp/chromatic--163516-exWxcmscnIHI/[22m[2massets/[22m[36mHeader.stories-QeB689pr.js         [39m[1m[2m  1.01 kB[22m[1m[22m[2m │ gzip:   0.52 kB[22m
[2m../../../../../tmp/chromatic--163516-exWxcmscnIHI/[22m[2massets/[22m[36mHeader-BEdm8-2v.js                 [39m[1m[2m  1.40 kB[22m[1m[22m[2m │ gzip:   0.80 kB[22m
[2m../../../../../tmp/chromatic--163516-exWxcmscnIHI/[22m[2massets/[22m[36mButton.stories-CHg2USMv.js         [39m[1m[2m  1.53 kB[22m[1m[22m[2m │ gzip:   0.58 kB[22m
[2m../../../../../tmp/chromatic--163516-exWxcmscnIHI/[22m[2massets/[22m[36mentry-preview-DrZXK2zD.js          [39m[1m[2m  2.33 kB[22m[1m[22m[2m │ gzip:   1.25 kB[22m
[2m../../../../../tmp/chromatic--163516-exWxcmscnIHI/[22m[2massets/[22m[36mpreview-DD_OYowb.js                [39m[1m[2m  3.51 kB[22m[1m[22m[2m │ gzip:   1.69 kB[22m
[2m../../../../../tmp/chromatic--163516-exWxcmscnIHI/[22m[2massets/[22m[36mPage.stories-D44wNnAA.js           [39m[1m[2m  3.67 kB[22m[1m[22m[2m │ gzip:   1.69 kB[22m
[2m../../../../../tmp/chromatic--163516-exWxcmscnIHI/[22m[2massets/[22m[36mpreview-B8lJiyuQ.js                [39m[1m[2m  5.06 kB[22m[1m[22m[2m │ gzip:   1.88 kB[22m
[2m../../../../../tmp/chromatic--163516-exWxcmscnIHI/[22m[2massets/[22m[36mpreview-BWzBA1C2.js                [39m[1m[2m  7.62 kB[22m[1m[22m[2m │ gzip:   1.56 kB[22m
[2m../../../../../tmp/chromatic--163516-exWxcmscnIHI/[22m[2massets/[22m[36mpreview-BBWR9nbA.js                [39m[1m[2m  8.12 kB[22m[1m[22m[2m │ gzip:   3.10 kB[22m
[2m../../../../../tmp/chromatic--163516-exWxcmscnIHI/[22m[2massets/[22m[36mentry-preview-docs-BTfuTCLQ.js     [39m[1m[2m  8.42 kB[22m[1m[22m[2m │ gzip:   3.42 kB[22m
[2m../../../../../tmp/chromatic--163516-exWxcmscnIHI/[22m[2massets/[22m[36mConfigure-Ce1f1HaA.js              [39m[1m[2m 25.73 kB[22m[1m[22m[2m │ gzip:  10.96 kB[22m
[2m../../../../../tmp/chromatic--163516-exWxcmscnIHI/[22m[2massets/[22m[36mColor-YHDXOIA2-BZBrl_EY.js         [39m[1m[2m 29.20 kB[22m[1m[22m[2m │ gzip:  10.98 kB[22m
[2m../../../../../tmp/chromatic--163516-exWxcmscnIHI/[22m[2massets/[22m[36mindex-Bx-go_-4.js                  [39m[1m[2m 53.59 kB[22m[1m[22m[2m │ gzip:  15.47 kB[22m
[2m../../../../../tmp/chromatic--163516-exWxcmscnIHI/[22m[2massets/[22m[36mvue.esm-bundler-DyXMp2o-.js        [39m[1m[2m170.27 kB[22m[1m[22m[2m │ gzip:  63.54 kB[22m
[2m../../../../../tmp/chromatic--163516-exWxcmscnIHI/[22m[2massets/[22m[36mDocsRenderer-CFRXHY34-OmQy-BI7.js  [39m[1m[2m175.65 kB[22m[1m[22m[2m │ gzip:  55.78 kB[22m
[2m../../../../../tmp/chromatic--163516-exWxcmscnIHI/[22m[2massets/[22m[36miframe-B5ud7Nku.js                 [39m[1m[2m212.44 kB[22m[1m[22m[2m │ gzip:  71.81 kB[22m
[2m../../../../../tmp/chromatic--163516-exWxcmscnIHI/[22m[2massets/[22m[36mindex-1XevVISn.js                  [39m[1m[33m660.63 kB[39m[22m[2m │ gzip: 156.54 kB[22m
[2m../../../../../tmp/chromatic--163516-exWxcmscnIHI/[22m[2massets/[22m[36mindex-atx1nX5x.js                  [39m[1m[33m905.54 kB[39m[22m[2m │ gzip: 279.80 kB[22m
[32m✓ built in 14.65s[39m
info => Preview built ([38;2;181;126;229m16 s[39m)
info => Output directory: /tmp/chromatic--163516-exWxcmscnIHI
